<?xml version="1.0" encoding="UTF-8"?>
<!-- Generated by org.testng.reporters.JUnitXMLReporter -->
<testsuite ignored="0" hostname="MOHAMED_GABIR" failures="1" tests="5" name="Test" time="51.416" errors="0" timestamp="2025-03-01T02:58:34 GMT">
  <testcase classname="testCases.TC003_LoginDDT" name="verify_loginDDT" time="3.969"/>
  <testcase classname="testCases.TC003_LoginDDT" name="verify_loginDDT" time="13.086"/>
  <testcase classname="testCases.TC003_LoginDDT" name="verify_loginDDT" time="13.429"/>
  <testcase classname="testCases.TC003_LoginDDT" name="verify_loginDDT" time="13.348"/>
  <testcase classname="testCases.TC003_LoginDDT" name="verify_loginDDT" time="0.683">
    <failure type="java.lang.AssertionError" message="null">
      <![CDATA[java.lang.AssertionError: null
at testCases.TC003_LoginDDT.verify_loginDDT(TC003_LoginDDT.java:66)
at java.base/java.util.ArrayList.forEach(ArrayList.java:1597)
... Removed 27 stack frames]]>
    </failure>
  </testcase> <!-- verify_loginDDT -->
</testsuite> <!-- Test -->
