<?xml version="1.0" encoding="UTF-8"?>
<testng-results ignored="0" total="2" passed="2" failed="0" skipped="0">
  <reporter-output>
  </reporter-output>
  <suite started-at="2025-03-17T01:48:27 GMT" name="Master Suite" finished-at="2025-03-17T01:48:38 GMT" duration-ms="11525">
    <groups>
      <group name="Master">
        <method signature="TC002_LoginTest.verify_login()[pri:0, instance:testCases.TC002_LoginTest@56928307]" name="verify_login" class="testCases.TC002_LoginTest"/>
        <method signature="TC_AccountRegistrationTest.verify_account_registration()[pri:0, instance:testCases.TC_AccountRegistrationTest@61544ae6]" name="verify_account_registration" class="testCases.TC_AccountRegistrationTest"/>
      </group> <!-- Master -->
      <group name="Sanity">
        <method signature="TC002_LoginTest.verify_login()[pri:0, instance:testCases.TC002_LoginTest@56928307]" name="verify_login" class="testCases.TC002_LoginTest"/>
      </group> <!-- Sanity -->
      <group name="Regression">
        <method signature="TC_AccountRegistrationTest.verify_account_registration()[pri:0, instance:testCases.TC_AccountRegistrationTest@61544ae6]" name="verify_account_registration" class="testCases.TC_AccountRegistrationTest"/>
      </group> <!-- Regression -->
    </groups>
    <test started-at="2025-03-17T01:48:27 GMT" name="Test" finished-at="2025-03-17T01:48:38 GMT" duration-ms="11525">
      <class name="testCases.TC002_LoginTest">
        <test-method is-config="true" signature="setup(java.lang.String,java.lang.String)[pri:0, instance:testCases.TC002_LoginTest@56928307]" started-at="2025-03-17T01:48:34 GMT" name="setup" finished-at="2025-03-17T01:48:37 GMT" duration-ms="2772" status="PASS">
          <params>
            <param index="0">
              <value>
                <![CDATA[windows]]>
              </value>
            </param>
            <param index="1">
              <value>
                <![CDATA[chrome]]>
              </value>
            </param>
          </params>
          <reporter-output>
          </reporter-output>
        </test-method> <!-- setup -->
        <test-method signature="verify_login()[pri:0, instance:testCases.TC002_LoginTest@56928307]" started-at="2025-03-17T01:48:37 GMT" name="verify_login" finished-at="2025-03-17T01:48:38 GMT" duration-ms="1654" status="PASS">
          <reporter-output>
          </reporter-output>
        </test-method> <!-- verify_login -->
        <test-method is-config="true" signature="tearDown()[pri:0, instance:testCases.TC002_LoginTest@56928307]" started-at="2025-03-17T01:48:38 GMT" name="tearDown" finished-at="2025-03-17T01:48:38 GMT" duration-ms="122" status="PASS">
          <reporter-output>
          </reporter-output>
        </test-method> <!-- tearDown -->
      </class> <!-- testCases.TC002_LoginTest -->
      <class name="testCases.TC_AccountRegistrationTest">
        <test-method is-config="true" signature="setup(java.lang.String,java.lang.String)[pri:0, instance:testCases.TC_AccountRegistrationTest@61544ae6]" started-at="2025-03-17T01:48:27 GMT" name="setup" finished-at="2025-03-17T01:48:30 GMT" duration-ms="3358" status="PASS">
          <params>
            <param index="0">
              <value>
                <![CDATA[windows]]>
              </value>
            </param>
            <param index="1">
              <value>
                <![CDATA[chrome]]>
              </value>
            </param>
          </params>
          <reporter-output>
          </reporter-output>
        </test-method> <!-- setup -->
        <test-method signature="verify_account_registration()[pri:0, instance:testCases.TC_AccountRegistrationTest@61544ae6]" started-at="2025-03-17T01:48:30 GMT" name="verify_account_registration" finished-at="2025-03-17T01:48:34 GMT" duration-ms="3303" status="PASS">
          <reporter-output>
          </reporter-output>
        </test-method> <!-- verify_account_registration -->
        <test-method is-config="true" signature="tearDown()[pri:0, instance:testCases.TC_AccountRegistrationTest@61544ae6]" started-at="2025-03-17T01:48:34 GMT" name="tearDown" finished-at="2025-03-17T01:48:34 GMT" duration-ms="146" status="PASS">
          <reporter-output>
          </reporter-output>
        </test-method> <!-- tearDown -->
      </class> <!-- testCases.TC_AccountRegistrationTest -->
    </test> <!-- Test -->
  </suite> <!-- Master Suite -->
</testng-results>
